2022-12-27 14:00:24.276 | DEBUG    | hcaptcha_challenger._solutions.kernel:_request_asset:320 - Downloading objects.yaml from https://raw.githubusercontent.com/QIN2DIM/hcaptcha-challenger/main/src/objects.yaml
2022-12-27 14:00:24.481 | DEBUG    | hcaptcha_challenger._solutions.kernel:request_assets:148 - Pulling AssetsObject from https://api.github.com/repos/QIN2DIM/hcaptcha-challenger/releases
2022-12-27 14:00:24.813 | DEBUG    | hcaptcha_challenger._solutions.kernel:_request_asset:320 - Downloading yolov6n.onnx from https://github.com/QIN2DIM/hcaptcha-challenger/releases/download/model/yolov6n.onnx
2022-12-27 14:00:29.197 | INFO     | services.deploy:job_loop_claim:104 - >> STARTUP [AwesomeScheduler] SynergyTunnel - version=0.4.4-dev Pattern=False
2022-12-27 14:00:30.739 | INFO     | services.bricklayer.core:refresh_ctx_cookies:691 - >> MATCH [__context__] 🎮启动挑战者上下文
2022-12-27 14:00:30.798 | INFO     | services.bricklayer.core:login:491 - >> MATCH [CookieManager] 刷新令牌
2022-12-27 14:00:43.009 | INFO     | services.bricklayer.core:login:526 - >> MATCH [CookieManager] 实体信息注入完毕
2022-12-27 14:00:43.010 | INFO     | services.bricklayer.core:fall_in_captcha_login:36 - >> ARMOR [ArmorUtils] 正在检测隐藏在登录界面的人机挑战...
2022-12-27 14:00:45.118 | DEBUG    | hcaptcha_challenger.core:log:315 - >> Challenge [ArmorCaptcha] Get label - label=「玫瑰」
2022-12-27 14:00:45.118 | DEBUG    | hcaptcha_challenger.core:log:315 - >> Challenge [ArmorCaptcha] 正在编排索引
2022-12-27 14:00:45.812 | DEBUG    | hcaptcha_challenger.core:log:315 - >> Challenge [ArmorCaptcha] 正在下载挑战图片
2022-12-27 14:00:47.224 | DEBUG    | hcaptcha_challenger.core:log:315 - >> Challenge [ArmorCaptcha] Download challenge images - timeit=1.41s
2022-12-27 14:00:47.440 | DEBUG    | hcaptcha_challenger._solutions.kernel:_request_asset:320 - Downloading rose.onnx from https://github.com/QIN2DIM/hcaptcha-challenger/releases/download/model/rose.onnx
2022-12-27 14:00:49.938 | DEBUG    | hcaptcha_challenger.core:log:315 - >> Challenge [ArmorCaptcha] Submit the challenge - rose(ResNet)_model: 0.93s
2022-12-27 14:00:49.951 | DEBUG    | hcaptcha_challenger.core:log:315 - >> Challenge [ArmorCaptcha] 获取响应 - desc=继续挑战(continue)
2022-12-27 14:00:51.971 | DEBUG    | hcaptcha_challenger.core:log:315 - >> Challenge [ArmorCaptcha] Get label - label=「玫瑰」
2022-12-27 14:00:51.971 | DEBUG    | hcaptcha_challenger.core:log:315 - >> Challenge [ArmorCaptcha] 正在编排索引
2022-12-27 14:00:52.437 | DEBUG    | hcaptcha_challenger.core:log:315 - >> Challenge [ArmorCaptcha] 正在下载挑战图片
2022-12-27 14:00:53.562 | DEBUG    | hcaptcha_challenger.core:log:315 - >> Challenge [ArmorCaptcha] Download challenge images - timeit=1.13s
2022-12-27 14:00:55.238 | DEBUG    | hcaptcha_challenger.core:log:315 - >> Challenge [ArmorCaptcha] Submit the challenge - rose(ResNet)_model: 0.14s
2022-12-27 14:00:55.260 | DEBUG    | hcaptcha_challenger.core:log:315 - >> Challenge [ArmorCaptcha] Checkout - status=再试一次
2022-12-27 14:00:55.261 | DEBUG    | hcaptcha_challenger.core:log:315 - >> Challenge [ArmorCaptcha] 获取响应 - desc=继续挑战(continue)
2022-12-27 14:00:57.263 | INFO     | services.bricklayer.core:login:491 - >> MATCH [CookieManager] 刷新令牌
2022-12-27 14:01:07.143 | INFO     | services.bricklayer.core:login:526 - >> MATCH [CookieManager] 实体信息注入完毕
2022-12-27 14:01:07.143 | INFO     | services.bricklayer.core:fall_in_captcha_login:36 - >> ARMOR [ArmorUtils] 正在检测隐藏在登录界面的人机挑战...
2022-12-27 14:01:09.279 | DEBUG    | hcaptcha_challenger.core:log:315 - >> Challenge [ArmorCaptcha] Get label - label=「刺猬在岩石上」
2022-12-27 14:01:09.280 | DEBUG    | hcaptcha_challenger.core:log:315 - >> Challenge [ArmorCaptcha] 正在编排索引
2022-12-27 14:01:09.740 | DEBUG    | hcaptcha_challenger.core:log:315 - >> Challenge [ArmorCaptcha] 正在下载挑战图片
2022-12-27 14:01:10.932 | DEBUG    | hcaptcha_challenger.core:log:315 - >> Challenge [ArmorCaptcha] Download challenge images - timeit=1.19s
2022-12-27 14:01:11.001 | DEBUG    | hcaptcha_challenger._solutions.kernel:_request_asset:320 - Downloading hedgehog_on_rocks.onnx from https://github.com/QIN2DIM/hcaptcha-challenger/releases/download/model/hedgehog_on_rocks.onnx
2022-12-27 14:01:13.884 | DEBUG    | hcaptcha_challenger.core:log:315 - >> Challenge [ArmorCaptcha] Submit the challenge - hedgehog_on_rocks(ResNet)_model: 1.15s
2022-12-27 14:01:13.895 | DEBUG    | hcaptcha_challenger.core:log:315 - >> Challenge [ArmorCaptcha] 获取响应 - desc=继续挑战(continue)
2022-12-27 14:01:15.913 | DEBUG    | hcaptcha_challenger.core:log:315 - >> Challenge [ArmorCaptcha] Get label - label=「刺猬在岩石上」
2022-12-27 14:01:15.913 | DEBUG    | hcaptcha_challenger.core:log:315 - >> Challenge [ArmorCaptcha] 正在编排索引
2022-12-27 14:01:16.351 | DEBUG    | hcaptcha_challenger.core:log:315 - >> Challenge [ArmorCaptcha] 正在下载挑战图片
2022-12-27 14:01:17.538 | DEBUG    | hcaptcha_challenger.core:log:315 - >> Challenge [ArmorCaptcha] Download challenge images - timeit=1.19s
2022-12-27 14:01:19.986 | DEBUG    | hcaptcha_challenger.core:log:315 - >> Challenge [ArmorCaptcha] Submit the challenge - hedgehog_on_rocks(ResNet)_model: 0.62s
2022-12-27 14:01:20.007 | DEBUG    | hcaptcha_challenger.core:log:315 - >> Challenge [ArmorCaptcha] Checkout - status=再试一次
2022-12-27 14:01:20.007 | DEBUG    | hcaptcha_challenger.core:log:315 - >> Challenge [ArmorCaptcha] 获取响应 - desc=继续挑战(continue)
2022-12-27 14:01:22.010 | INFO     | services.bricklayer.core:login:491 - >> MATCH [CookieManager] 刷新令牌
2022-12-27 14:01:31.275 | INFO     | services.bricklayer.core:login:526 - >> MATCH [CookieManager] 实体信息注入完毕
2022-12-27 14:01:31.276 | INFO     | services.bricklayer.core:fall_in_captcha_login:36 - >> ARMOR [ArmorUtils] 正在检测隐藏在登录界面的人机挑战...
2022-12-27 14:01:33.439 | DEBUG    | hcaptcha_challenger.core:log:315 - >> Challenge [ArmorCaptcha] Get label - label=「刺猬在岩石上」
2022-12-27 14:01:33.439 | DEBUG    | hcaptcha_challenger.core:log:315 - >> Challenge [ArmorCaptcha] 正在编排索引
2022-12-27 14:01:33.939 | DEBUG    | hcaptcha_challenger.core:log:315 - >> Challenge [ArmorCaptcha] 正在下载挑战图片
2022-12-27 14:01:35.016 | DEBUG    | hcaptcha_challenger.core:log:315 - >> Challenge [ArmorCaptcha] Download challenge images - timeit=1.08s
2022-12-27 14:01:37.600 | DEBUG    | hcaptcha_challenger.core:log:315 - >> Challenge [ArmorCaptcha] Submit the challenge - hedgehog_on_rocks(ResNet)_model: 0.61s
2022-12-27 14:01:37.613 | DEBUG    | hcaptcha_challenger.core:log:315 - >> Challenge [ArmorCaptcha] 获取响应 - desc=继续挑战(continue)
2022-12-27 14:01:39.630 | DEBUG    | hcaptcha_challenger.core:log:315 - >> Challenge [ArmorCaptcha] Get label - label=「刺猬在岩石上」
2022-12-27 14:01:39.631 | DEBUG    | hcaptcha_challenger.core:log:315 - >> Challenge [ArmorCaptcha] 正在编排索引
2022-12-27 14:01:40.075 | DEBUG    | hcaptcha_challenger.core:log:315 - >> Challenge [ArmorCaptcha] 正在下载挑战图片
2022-12-27 14:01:41.213 | DEBUG    | hcaptcha_challenger.core:log:315 - >> Challenge [ArmorCaptcha] Download challenge images - timeit=1.14s
2022-12-27 14:01:43.468 | DEBUG    | hcaptcha_challenger.core:log:315 - >> Challenge [ArmorCaptcha] Submit the challenge - hedgehog_on_rocks(ResNet)_model: 0.61s
2022-12-27 14:01:43.488 | DEBUG    | hcaptcha_challenger.core:log:315 - >> Challenge [ArmorCaptcha] Checkout - status=再试一次
2022-12-27 14:01:43.488 | DEBUG    | hcaptcha_challenger.core:log:315 - >> Challenge [ArmorCaptcha] 获取响应 - desc=继续挑战(continue)
2022-12-27 14:01:45.492 | INFO     | services.bricklayer.core:login:491 - >> MATCH [CookieManager] 刷新令牌
2022-12-27 14:01:54.702 | INFO     | services.bricklayer.core:login:526 - >> MATCH [CookieManager] 实体信息注入完毕
2022-12-27 14:01:54.702 | INFO     | services.bricklayer.core:fall_in_captcha_login:36 - >> ARMOR [ArmorUtils] 正在检测隐藏在登录界面的人机挑战...
2022-12-27 14:01:56.870 | DEBUG    | hcaptcha_challenger.core:log:315 - >> Challenge [ArmorCaptcha] Get label - label=「钢琴」
2022-12-27 14:01:56.870 | DEBUG    | hcaptcha_challenger.core:log:315 - >> Challenge [ArmorCaptcha] 正在编排索引
2022-12-27 14:01:57.289 | DEBUG    | hcaptcha_challenger.core:log:315 - >> Challenge [ArmorCaptcha] 正在下载挑战图片
2022-12-27 14:01:58.409 | DEBUG    | hcaptcha_challenger.core:log:315 - >> Challenge [ArmorCaptcha] Download challenge images - timeit=1.12s
2022-12-27 14:01:58.411 | DEBUG    | hcaptcha_challenger._solutions.kernel:_request_asset:320 - Downloading piano.onnx from https://github.com/QIN2DIM/hcaptcha-challenger/releases/download/model/piano.onnx
2022-12-27 14:02:00.869 | DEBUG    | hcaptcha_challenger.core:log:315 - >> Challenge [ArmorCaptcha] Submit the challenge - piano(ResNet)_model: 0.5s
2022-12-27 14:02:00.879 | DEBUG    | hcaptcha_challenger.core:log:315 - >> Challenge [ArmorCaptcha] 获取响应 - desc=继续挑战(continue)
2022-12-27 14:02:02.897 | DEBUG    | hcaptcha_challenger.core:log:315 - >> Challenge [ArmorCaptcha] Get label - label=「钢琴」
2022-12-27 14:02:02.897 | DEBUG    | hcaptcha_challenger.core:log:315 - >> Challenge [ArmorCaptcha] 正在编排索引
2022-12-27 14:02:03.333 | DEBUG    | hcaptcha_challenger.core:log:315 - >> Challenge [ArmorCaptcha] 正在下载挑战图片
2022-12-27 14:02:04.447 | DEBUG    | hcaptcha_challenger.core:log:315 - >> Challenge [ArmorCaptcha] Download challenge images - timeit=1.11s
2022-12-27 14:02:06.150 | DEBUG    | hcaptcha_challenger.core:log:315 - >> Challenge [ArmorCaptcha] Submit the challenge - piano(ResNet)_model: 0.01s
2022-12-27 14:02:06.171 | DEBUG    | hcaptcha_challenger.core:log:315 - >> Challenge [ArmorCaptcha] Checkout - status=再试一次
2022-12-27 14:02:06.171 | DEBUG    | hcaptcha_challenger.core:log:315 - >> Challenge [ArmorCaptcha] 获取响应 - desc=继续挑战(continue)
2022-12-27 14:02:08.173 | INFO     | services.bricklayer.core:login:491 - >> MATCH [CookieManager] 刷新令牌
2022-12-27 14:02:17.166 | INFO     | services.bricklayer.core:login:526 - >> MATCH [CookieManager] 实体信息注入完毕
2022-12-27 14:02:17.167 | INFO     | services.bricklayer.core:fall_in_captcha_login:36 - >> ARMOR [ArmorUtils] 正在检测隐藏在登录界面的人机挑战...
2022-12-27 14:02:19.280 | DEBUG    | hcaptcha_challenger.core:log:315 - >> Challenge [ArmorCaptcha] Get label - label=「刺猬在岩石上」
2022-12-27 14:02:19.281 | DEBUG    | hcaptcha_challenger.core:log:315 - >> Challenge [ArmorCaptcha] 正在编排索引
2022-12-27 14:02:19.704 | DEBUG    | hcaptcha_challenger.core:log:315 - >> Challenge [ArmorCaptcha] 正在下载挑战图片
2022-12-27 14:02:20.767 | DEBUG    | hcaptcha_challenger.core:log:315 - >> Challenge [ArmorCaptcha] Download challenge images - timeit=1.06s
2022-12-27 14:02:23.035 | DEBUG    | hcaptcha_challenger.core:log:315 - >> Challenge [ArmorCaptcha] Submit the challenge - hedgehog_on_rocks(ResNet)_model: 0.6s
2022-12-27 14:02:23.046 | DEBUG    | hcaptcha_challenger.core:log:315 - >> Challenge [ArmorCaptcha] 获取响应 - desc=继续挑战(continue)
2022-12-27 14:02:25.064 | DEBUG    | hcaptcha_challenger.core:log:315 - >> Challenge [ArmorCaptcha] Get label - label=「刺猬在岩石上」
2022-12-27 14:02:25.064 | DEBUG    | hcaptcha_challenger.core:log:315 - >> Challenge [ArmorCaptcha] 正在编排索引
2022-12-27 14:02:25.458 | DEBUG    | hcaptcha_challenger.core:log:315 - >> Challenge [ArmorCaptcha] 正在下载挑战图片
2022-12-27 14:02:26.563 | DEBUG    | hcaptcha_challenger.core:log:315 - >> Challenge [ArmorCaptcha] Download challenge images - timeit=1.1s
2022-12-27 14:02:28.819 | DEBUG    | hcaptcha_challenger.core:log:315 - >> Challenge [ArmorCaptcha] Submit the challenge - hedgehog_on_rocks(ResNet)_model: 0.61s
2022-12-27 14:02:28.838 | DEBUG    | hcaptcha_challenger.core:log:315 - >> Challenge [ArmorCaptcha] Checkout - status=再试一次
2022-12-27 14:02:28.838 | DEBUG    | hcaptcha_challenger.core:log:315 - >> Challenge [ArmorCaptcha] 获取响应 - desc=继续挑战(continue)
2022-12-27 14:02:30.842 | INFO     | services.bricklayer.core:login:491 - >> MATCH [CookieManager] 刷新令牌
2022-12-27 14:02:42.870 | INFO     | services.bricklayer.core:login:526 - >> MATCH [CookieManager] 实体信息注入完毕
2022-12-27 14:02:42.871 | INFO     | services.bricklayer.core:fall_in_captcha_login:36 - >> ARMOR [ArmorUtils] 正在检测隐藏在登录界面的人机挑战...
2022-12-27 14:02:45.037 | DEBUG    | hcaptcha_challenger.core:log:315 - >> Challenge [ArmorCaptcha] Get label - label=「刺猬在岩石上」
2022-12-27 14:02:45.038 | DEBUG    | hcaptcha_challenger.core:log:315 - >> Challenge [ArmorCaptcha] 正在编排索引
2022-12-27 14:02:45.469 | DEBUG    | hcaptcha_challenger.core:log:315 - >> Challenge [ArmorCaptcha] 正在下载挑战图片
2022-12-27 14:02:46.615 | DEBUG    | hcaptcha_challenger.core:log:315 - >> Challenge [ArmorCaptcha] Download challenge images - timeit=1.15s
2022-12-27 14:02:48.884 | DEBUG    | hcaptcha_challenger.core:log:315 - >> Challenge [ArmorCaptcha] Submit the challenge - hedgehog_on_rocks(ResNet)_model: 0.61s
2022-12-27 14:02:48.894 | DEBUG    | hcaptcha_challenger.core:log:315 - >> Challenge [ArmorCaptcha] 获取响应 - desc=继续挑战(continue)
2022-12-27 14:02:50.912 | DEBUG    | hcaptcha_challenger.core:log:315 - >> Challenge [ArmorCaptcha] Get label - label=「刺猬在岩石上」
2022-12-27 14:02:50.912 | DEBUG    | hcaptcha_challenger.core:log:315 - >> Challenge [ArmorCaptcha] 正在编排索引
2022-12-27 14:02:51.355 | DEBUG    | hcaptcha_challenger.core:log:315 - >> Challenge [ArmorCaptcha] 正在下载挑战图片
2022-12-27 14:02:52.477 | DEBUG    | hcaptcha_challenger.core:log:315 - >> Challenge [ArmorCaptcha] Download challenge images - timeit=1.12s
2022-12-27 14:02:54.732 | DEBUG    | hcaptcha_challenger.core:log:315 - >> Challenge [ArmorCaptcha] Submit the challenge - hedgehog_on_rocks(ResNet)_model: 0.61s
2022-12-27 14:02:54.751 | DEBUG    | hcaptcha_challenger.core:log:315 - >> Challenge [ArmorCaptcha] Checkout - status=再试一次
2022-12-27 14:02:54.752 | DEBUG    | hcaptcha_challenger.core:log:315 - >> Challenge [ArmorCaptcha] 获取响应 - desc=继续挑战(continue)
2022-12-27 14:02:56.755 | INFO     | services.bricklayer.core:login:491 - >> MATCH [CookieManager] 刷新令牌
2022-12-27 14:03:05.765 | INFO     | services.bricklayer.core:login:526 - >> MATCH [CookieManager] 实体信息注入完毕
2022-12-27 14:03:05.765 | INFO     | services.bricklayer.core:fall_in_captcha_login:36 - >> ARMOR [ArmorUtils] 正在检测隐藏在登录界面的人机挑战...
2022-12-27 14:03:07.924 | DEBUG    | hcaptcha_challenger.core:log:315 - >> Challenge [ArmorCaptcha] Get label - label=「钢琴」
2022-12-27 14:03:07.924 | DEBUG    | hcaptcha_challenger.core:log:315 - >> Challenge [ArmorCaptcha] 正在编排索引
2022-12-27 14:03:08.442 | DEBUG    | hcaptcha_challenger.core:log:315 - >> Challenge [ArmorCaptcha] 正在下载挑战图片
2022-12-27 14:03:09.569 | DEBUG    | hcaptcha_challenger.core:log:315 - >> Challenge [ArmorCaptcha] Download challenge images - timeit=1.13s
2022-12-27 14:03:11.378 | DEBUG    | hcaptcha_challenger.core:log:315 - >> Challenge [ArmorCaptcha] Submit the challenge - piano(ResNet)_model: 0.01s
2022-12-27 14:03:11.389 | DEBUG    | hcaptcha_challenger.core:log:315 - >> Challenge [ArmorCaptcha] 获取响应 - desc=继续挑战(continue)
2022-12-27 14:03:13.405 | DEBUG    | hcaptcha_challenger.core:log:315 - >> Challenge [ArmorCaptcha] Get label - label=「钢琴」
2022-12-27 14:03:13.405 | DEBUG    | hcaptcha_challenger.core:log:315 - >> Challenge [ArmorCaptcha] 正在编排索引
2022-12-27 14:03:13.796 | DEBUG    | hcaptcha_challenger.core:log:315 - >> Challenge [ArmorCaptcha] 正在下载挑战图片
2022-12-27 14:03:14.946 | DEBUG    | hcaptcha_challenger.core:log:315 - >> Challenge [ArmorCaptcha] Download challenge images - timeit=1.15s
2022-12-27 14:03:16.448 | DEBUG    | hcaptcha_challenger.core:log:315 - >> Challenge [ArmorCaptcha] Submit the challenge - piano(ResNet)_model: 0.01s
2022-12-27 14:03:16.473 | DEBUG    | hcaptcha_challenger.core:log:315 - >> Challenge [ArmorCaptcha] Checkout - status=再试一次
2022-12-27 14:03:16.474 | DEBUG    | hcaptcha_challenger.core:log:315 - >> Challenge [ArmorCaptcha] 获取响应 - desc=继续挑战(continue)
2022-12-27 14:03:18.480 | INFO     | services.bricklayer.core:login:491 - >> MATCH [CookieManager] 刷新令牌
2022-12-27 14:03:27.671 | INFO     | services.bricklayer.core:login:526 - >> MATCH [CookieManager] 实体信息注入完毕
2022-12-27 14:03:27.671 | INFO     | services.bricklayer.core:fall_in_captcha_login:36 - >> ARMOR [ArmorUtils] 正在检测隐藏在登录界面的人机挑战...
2022-12-27 14:03:29.828 | DEBUG    | hcaptcha_challenger.core:log:315 - >> Challenge [ArmorCaptcha] Get label - label=「钢琴」
2022-12-27 14:03:29.828 | DEBUG    | hcaptcha_challenger.core:log:315 - >> Challenge [ArmorCaptcha] 正在编排索引
2022-12-27 14:03:30.324 | DEBUG    | hcaptcha_challenger.core:log:315 - >> Challenge [ArmorCaptcha] 正在下载挑战图片
2022-12-27 14:03:31.475 | DEBUG    | hcaptcha_challenger.core:log:315 - >> Challenge [ArmorCaptcha] Download challenge images - timeit=1.15s
2022-12-27 14:03:33.151 | DEBUG    | hcaptcha_challenger.core:log:315 - >> Challenge [ArmorCaptcha] Submit the challenge - piano(ResNet)_model: 0.01s
2022-12-27 14:03:33.162 | DEBUG    | hcaptcha_challenger.core:log:315 - >> Challenge [ArmorCaptcha] 获取响应 - desc=继续挑战(continue)
2022-12-27 14:03:35.182 | DEBUG    | hcaptcha_challenger.core:log:315 - >> Challenge [ArmorCaptcha] Get label - label=「钢琴」
2022-12-27 14:03:35.182 | DEBUG    | hcaptcha_challenger.core:log:315 - >> Challenge [ArmorCaptcha] 正在编排索引
2022-12-27 14:03:35.658 | DEBUG    | hcaptcha_challenger.core:log:315 - >> Challenge [ArmorCaptcha] 正在下载挑战图片
2022-12-27 14:03:36.826 | DEBUG    | hcaptcha_challenger.core:log:315 - >> Challenge [ArmorCaptcha] Download challenge images - timeit=1.17s
2022-12-27 14:03:38.480 | DEBUG    | hcaptcha_challenger.core:log:315 - >> Challenge [ArmorCaptcha] Submit the challenge - piano(ResNet)_model: 0.01s
2022-12-27 14:03:38.498 | DEBUG    | hcaptcha_challenger.core:log:315 - >> Challenge [ArmorCaptcha] Checkout - status=再试一次
2022-12-27 14:03:38.498 | DEBUG    | hcaptcha_challenger.core:log:315 - >> Challenge [ArmorCaptcha] 获取响应 - desc=继续挑战(continue)
2022-12-27 14:03:40.501 | INFO     | services.bricklayer.core:login:491 - >> MATCH [CookieManager] 刷新令牌
2022-12-27 14:03:52.794 | INFO     | services.bricklayer.core:login:526 - >> MATCH [CookieManager] 实体信息注入完毕
2022-12-27 14:03:52.794 | INFO     | services.bricklayer.core:fall_in_captcha_login:36 - >> ARMOR [ArmorUtils] 正在检测隐藏在登录界面的人机挑战...
2022-12-27 14:03:54.914 | DEBUG    | hcaptcha_challenger.core:log:315 - >> Challenge [ArmorCaptcha] Get label - label=「钢琴」
2022-12-27 14:03:54.915 | DEBUG    | hcaptcha_challenger.core:log:315 - >> Challenge [ArmorCaptcha] 正在编排索引
2022-12-27 14:03:55.337 | DEBUG    | hcaptcha_challenger.core:log:315 - >> Challenge [ArmorCaptcha] 正在下载挑战图片
2022-12-27 14:03:56.489 | DEBUG    | hcaptcha_challenger.core:log:315 - >> Challenge [ArmorCaptcha] Download challenge images - timeit=1.15s
2022-12-27 14:03:58.032 | DEBUG    | hcaptcha_challenger.core:log:315 - >> Challenge [ArmorCaptcha] Submit the challenge - piano(ResNet)_model: 0.01s
2022-12-27 14:03:58.042 | DEBUG    | hcaptcha_challenger.core:log:315 - >> Challenge [ArmorCaptcha] 获取响应 - desc=继续挑战(continue)
2022-12-27 14:04:00.058 | DEBUG    | hcaptcha_challenger.core:log:315 - >> Challenge [ArmorCaptcha] Get label - label=「钢琴」
2022-12-27 14:04:00.059 | DEBUG    | hcaptcha_challenger.core:log:315 - >> Challenge [ArmorCaptcha] 正在编排索引
2022-12-27 14:04:00.483 | DEBUG    | hcaptcha_challenger.core:log:315 - >> Challenge [ArmorCaptcha] 正在下载挑战图片
2022-12-27 14:04:01.637 | DEBUG    | hcaptcha_challenger.core:log:315 - >> Challenge [ArmorCaptcha] Download challenge images - timeit=1.15s
2022-12-27 14:04:02.979 | DEBUG    | hcaptcha_challenger.core:log:315 - >> Challenge [ArmorCaptcha] Submit the challenge - piano(ResNet)_model: 0.01s
2022-12-27 14:04:02.998 | DEBUG    | hcaptcha_challenger.core:log:315 - >> Challenge [ArmorCaptcha] Checkout - status=再试一次
2022-12-27 14:04:02.999 | DEBUG    | hcaptcha_challenger.core:log:315 - >> Challenge [ArmorCaptcha] 获取响应 - desc=继续挑战(continue)
2022-12-27 14:04:05.001 | CRITICAL | services.bricklayer.core:refresh_ctx_cookies:717 - >> MISS [CookieManager] Identity token update failed
2022-12-27 14:04:10.968 | INFO     | services.bricklayer.core:load_ctx_cookies:659 - >> LOAD [CookieManager] Load context cookie
2022-12-27 14:04:10.968 | INFO     | services.explorer.explorer:get_oder_history:216 - 初始化订单数据
2022-12-27 14:04:11.236 | ERROR    | services.explorer.explorer:get_order_history:142 - Failed to get order history, cookie may have expired
Traceback (most recent call last):
  File "/home/runner/work/autogetgame/autogetgame/epic/src/main.py", line 11, in <module>
    Fire(Scaffold)
  File "/opt/hostedtoolcache/Python/3.10.9/x64/lib/python3.10/site-packages/fire/core.py", line 141, in Fire
    component_trace = _Fire(component, args, parsed_flag_args, context, name)
  File "/opt/hostedtoolcache/Python/3.10.9/x64/lib/python3.10/site-packages/fire/core.py", line 466, in _Fire
    component, remaining_args = _CallAndUpdateTrace(
  File "/opt/hostedtoolcache/Python/3.10.9/x64/lib/python3.10/site-packages/fire/core.py", line 681, in _CallAndUpdateTrace
    component = fn(*varargs, **kwargs)
  File "/home/runner/work/autogetgame/autogetgame/epic/src/services/scaffold.py", line 138, in claim
    claimer.run(silence=silence, log_ignore=ignore, unreal=unreal)
  File "/home/runner/work/autogetgame/autogetgame/epic/src/apis/scaffold/claimer.py", line 26, in run
    ClaimerScheduler(silence=silence, unreal=unreal).job_loop_claim(log_ignore)
  File "/home/runner/work/autogetgame/autogetgame/epic/src/services/deploy.py", line 112, in job_loop_claim
    claimer.just_do_it()
  File "/home/runner/work/autogetgame/autogetgame/epic/src/services/deploy.py", line 309, in just_do_it
    fire(
  File "/home/runner/work/autogetgame/autogetgame/epic/src/services/utils/toolbox.py", line 84, in fire
    container(context)
  File "/home/runner/work/autogetgame/autogetgame/epic/src/services/deploy.py", line 301, in run
    promotions = self.preload()
  File "/home/runner/work/autogetgame/autogetgame/epic/src/services/deploy.py", line 269, in preload
    self.ph.get_oder_history(ctx_cookies=self._ctx_cookies)
  File "/home/runner/work/autogetgame/autogetgame/epic/src/services/explorer/explorer.py", line 219, in get_oder_history
    if resp := explorer.get_order_history(ctx_cookies):
> File "/home/runner/work/autogetgame/autogetgame/epic/src/services/explorer/explorer.py", line 140, in get_order_history
    raise RequestException("Failed to get order history, cookie may have expired")
requests.exceptions.RequestException: Failed to get order history, cookie may have expired
2022-12-27 14:04:11.550 | DEBUG    | services.deploy:preload:286 - >> Checkout [GameClaimer] F.I.S.T.: Forged In Shadow Torch - state=待认领 link=https://store.epicgames.com/zh-CN/p/fist-forged-in-shadow-torch
2022-12-27 14:04:15.751 | DEBUG    | services.bricklayer.game:purchase_status:113 - >> Checkout [GameClaimer] F.I.S.T.: Forged In Shadow Torch - state=获取 link=https://store.epicgames.com/zh-CN/p/fist-forged-in-shadow-torch
2022-12-27 14:04:16.514 | INFO     | services.bricklayer.game:get_free_game:152 - [🔖] 已激活商品页零元购订单
2022-12-27 14:04:16.541 | DEBUG    | services.bricklayer.core:cart_handle_payment:556 - [🛵] 处理购物订单...
2022-12-27 14:04:51.715 | ERROR    | services.scaffold:claim:138 - An error has been caught in function 'claim', process 'MainProcess' (1876), thread 'MainThread' (140349087415360):
Traceback (most recent call last):
  File "/home/runner/work/autogetgame/autogetgame/epic/src/main.py", line 11, in <module>
    Fire(Scaffold)
  File "/opt/hostedtoolcache/Python/3.10.9/x64/lib/python3.10/site-packages/fire/core.py", line 141, in Fire
    component_trace = _Fire(component, args, parsed_flag_args, context, name)
  File "/opt/hostedtoolcache/Python/3.10.9/x64/lib/python3.10/site-packages/fire/core.py", line 466, in _Fire
    component, remaining_args = _CallAndUpdateTrace(
  File "/opt/hostedtoolcache/Python/3.10.9/x64/lib/python3.10/site-packages/fire/core.py", line 681, in _CallAndUpdateTrace
    component = fn(*varargs, **kwargs)
> File "/home/runner/work/autogetgame/autogetgame/epic/src/services/scaffold.py", line 138, in claim
    claimer.run(silence=silence, log_ignore=ignore, unreal=unreal)
  File "/home/runner/work/autogetgame/autogetgame/epic/src/apis/scaffold/claimer.py", line 26, in run
    ClaimerScheduler(silence=silence, unreal=unreal).job_loop_claim(log_ignore)
  File "/home/runner/work/autogetgame/autogetgame/epic/src/services/deploy.py", line 112, in job_loop_claim
    claimer.just_do_it()
  File "/home/runner/work/autogetgame/autogetgame/epic/src/services/deploy.py", line 309, in just_do_it
    fire(
  File "/home/runner/work/autogetgame/autogetgame/epic/src/services/utils/toolbox.py", line 84, in fire
    container(context)
  File "/home/runner/work/autogetgame/autogetgame/epic/src/services/deploy.py", line 305, in run
    result = empower_games_claimer(self.bricklayer, promotion.url, page, pattern="get")
  File "/home/runner/work/autogetgame/autogetgame/epic/src/services/bricklayer/game.py", line 170, in empower_games_claimer
    return claimer.get_free_game(page_link=page_link, page=page, pattern=pattern)
  File "/home/runner/work/autogetgame/autogetgame/epic/src/services/bricklayer/game.py", line 157, in get_free_game
    self.cart_handle_payment(page)  # mode: get
  File "/home/runner/work/autogetgame/autogetgame/epic/src/services/bricklayer/core.py", line 557, in cart_handle_payment
    if self._click_order_button(page):  # cart_handle_payment
  File "/home/runner/work/autogetgame/autogetgame/epic/src/services/bricklayer/core.py", line 456, in _click_order_button
    payment_btn.click()
  File "/opt/hostedtoolcache/Python/3.10.9/x64/lib/python3.10/site-packages/playwright/sync_api/_generated.py", line 13519, in click
    self._sync(
  File "/opt/hostedtoolcache/Python/3.10.9/x64/lib/python3.10/site-packages/playwright/_impl/_sync_base.py", line 104, in _sync
    return task.result()
  File "/opt/hostedtoolcache/Python/3.10.9/x64/lib/python3.10/site-packages/playwright/_impl/_locator.py", line 149, in click
    return await self._frame.click(self._selector, strict=True, **params)
  File "/opt/hostedtoolcache/Python/3.10.9/x64/lib/python3.10/site-packages/playwright/_impl/_frame.py", line 484, in click
    await self._channel.send("click", locals_to_params(locals()))
  File "/opt/hostedtoolcache/Python/3.10.9/x64/lib/python3.10/site-packages/playwright/_impl/_connection.py", line 43, in send
    return await self._connection.wrap_api_call(
  File "/opt/hostedtoolcache/Python/3.10.9/x64/lib/python3.10/site-packages/playwright/_impl/_connection.py", line 396, in wrap_api_call
    return await cb()
  File "/opt/hostedtoolcache/Python/3.10.9/x64/lib/python3.10/site-packages/playwright/_impl/_connection.py", line 78, in inner_send
    result = next(iter(done)).result()
playwright._impl._api_types.TimeoutError: Timeout 30000ms exceeded.
=========================== logs ===========================
  waiting for frame "xpath=//div[@id='webPurchaseContainer']//iframe"
============================================================
